2022-07-04 16:47:55.001 [DbParamaterScheduler-ThreadPoolTaskSchedule - ##1] DEBUG id.co.nds.gadai_2022_06_22.schedulers.DbParamScheduler - scheduleCron: run scheduler with configuration -> {0/5 * * * * ?}...
2022-07-04 16:47:55.002 [DbParamaterScheduler-ThreadPoolTaskSchedule - ##1] INFO  id.co.nds.gadai_2022_06_22.schedulers.DbParamScheduler - executing task......
2022-07-04 16:47:55.002 [DbParamaterScheduler-ThreadPoolTaskSchedule - ##1] INFO  id.co.nds.gadai_2022_06_22.schedulers.DbParamScheduler - task 1
2022-07-04 16:47:55.570 [DbParamaterScheduler-ThreadPoolTaskSchedule - ##1] DEBUG id.co.nds.gadai_2022_06_22.schedulers.DbParamScheduler - Transaksi no: YYMM0000001status: AKTIF
2022-07-04 16:47:55.571 [DbParamaterScheduler-ThreadPoolTaskSchedule - ##1] DEBUG id.co.nds.gadai_2022_06_22.schedulers.DbParamScheduler - Transaksi no: YYMM0000001status: TIDAK AKTIF
2022-07-04 16:47:55.571 [DbParamaterScheduler-ThreadPoolTaskSchedule - ##1] DEBUG id.co.nds.gadai_2022_06_22.schedulers.DbParamScheduler - Transaksi no: YYMM0000001status: TIDAK AKTIF
2022-07-04 16:47:55.571 [DbParamaterScheduler-ThreadPoolTaskSchedule - ##1] DEBUG id.co.nds.gadai_2022_06_22.schedulers.DbParamScheduler - Transaksi no: YYMM0000001status: TIDAK AKTIF
2022-07-04 16:47:55.572 [DbParamaterScheduler-ThreadPoolTaskSchedule - ##1] DEBUG id.co.nds.gadai_2022_06_22.schedulers.DbParamScheduler - Transaksi no: YYMM0000001status: TIDAK AKTIF
2022-07-04 16:47:55.572 [DbParamaterScheduler-ThreadPoolTaskSchedule - ##1] DEBUG id.co.nds.gadai_2022_06_22.schedulers.DbParamScheduler - Transaksi no: YYMM0000001status: TIDAK AKTIF
2022-07-04 16:47:55.572 [DbParamaterScheduler-ThreadPoolTaskSchedule - ##1] DEBUG id.co.nds.gadai_2022_06_22.schedulers.DbParamScheduler - Transaksi no: YYMM0000001status: TIDAK AKTIF
2022-07-04 16:47:55.572 [DbParamaterScheduler-ThreadPoolTaskSchedule - ##1] DEBUG id.co.nds.gadai_2022_06_22.schedulers.DbParamScheduler - Transaksi no: YYMM0000001status: TIDAK AKTIF
2022-07-04 16:47:55.572 [DbParamaterScheduler-ThreadPoolTaskSchedule - ##1] DEBUG id.co.nds.gadai_2022_06_22.schedulers.DbParamScheduler - Transaksi no: YYMM0000001status: TIDAK AKTIF
2022-07-04 16:47:55.572 [DbParamaterScheduler-ThreadPoolTaskSchedule - ##1] DEBUG id.co.nds.gadai_2022_06_22.schedulers.DbParamScheduler - Transaksi no: YYMM0000001status: TIDAK AKTIF
2022-07-04 16:47:55.604 [DbParamaterScheduler-ThreadPoolTaskSchedule - ##1] INFO  id.co.nds.gadai_2022_06_22.schedulers.DbParamScheduler - finish executing task......
2022-07-04 16:48:00.000 [DbParamaterScheduler-ThreadPoolTaskSchedule - ##1] DEBUG id.co.nds.gadai_2022_06_22.schedulers.DbParamScheduler - scheduleCron: run scheduler with configuration -> {0/5 * * * * ?}...
2022-07-04 16:48:00.000 [DbParamaterScheduler-ThreadPoolTaskSchedule - ##1] INFO  id.co.nds.gadai_2022_06_22.schedulers.DbParamScheduler - executing task......
2022-07-04 16:48:00.000 [DbParamaterScheduler-ThreadPoolTaskSchedule - ##1] INFO  id.co.nds.gadai_2022_06_22.schedulers.DbParamScheduler - task 2
2022-07-04 16:48:00.122 [DbParamaterScheduler-ThreadPoolTaskSchedule - ##1] DEBUG id.co.nds.gadai_2022_06_22.schedulers.DbParamScheduler - Transaksi no: YYMM0000001status: AKTIF
2022-07-04 16:48:00.123 [DbParamaterScheduler-ThreadPoolTaskSchedule - ##1] DEBUG id.co.nds.gadai_2022_06_22.schedulers.DbParamScheduler - Transaksi no: YYMM0000001status: TIDAK AKTIF
2022-07-04 16:48:00.124 [DbParamaterScheduler-ThreadPoolTaskSchedule - ##1] DEBUG id.co.nds.gadai_2022_06_22.schedulers.DbParamScheduler - Transaksi no: YYMM0000001status: TIDAK AKTIF
2022-07-04 16:48:00.125 [DbParamaterScheduler-ThreadPoolTaskSchedule - ##1] DEBUG id.co.nds.gadai_2022_06_22.schedulers.DbParamScheduler - Transaksi no: YYMM0000001status: TIDAK AKTIF
2022-07-04 16:48:00.125 [DbParamaterScheduler-ThreadPoolTaskSchedule - ##1] DEBUG id.co.nds.gadai_2022_06_22.schedulers.DbParamScheduler - Transaksi no: YYMM0000001status: TIDAK AKTIF
2022-07-04 16:48:00.125 [DbParamaterScheduler-ThreadPoolTaskSchedule - ##1] DEBUG id.co.nds.gadai_2022_06_22.schedulers.DbParamScheduler - Transaksi no: YYMM0000001status: TIDAK AKTIF
2022-07-04 16:48:00.125 [DbParamaterScheduler-ThreadPoolTaskSchedule - ##1] DEBUG id.co.nds.gadai_2022_06_22.schedulers.DbParamScheduler - Transaksi no: YYMM0000001status: TIDAK AKTIF
2022-07-04 16:48:00.126 [DbParamaterScheduler-ThreadPoolTaskSchedule - ##1] DEBUG id.co.nds.gadai_2022_06_22.schedulers.DbParamScheduler - Transaksi no: YYMM0000001status: TIDAK AKTIF
2022-07-04 16:48:00.126 [DbParamaterScheduler-ThreadPoolTaskSchedule - ##1] DEBUG id.co.nds.gadai_2022_06_22.schedulers.DbParamScheduler - Transaksi no: YYMM0000001status: TIDAK AKTIF
2022-07-04 16:48:00.126 [DbParamaterScheduler-ThreadPoolTaskSchedule - ##1] DEBUG id.co.nds.gadai_2022_06_22.schedulers.DbParamScheduler - Transaksi no: YYMM0000001status: TIDAK AKTIF
2022-07-04 16:48:00.218 [DbParamaterScheduler-ThreadPoolTaskSchedule - ##1] INFO  id.co.nds.gadai_2022_06_22.schedulers.DbParamScheduler - finish executing task......
2022-07-04 16:48:05.000 [DbParamaterScheduler-ThreadPoolTaskSchedule - ##2] DEBUG id.co.nds.gadai_2022_06_22.schedulers.DbParamScheduler - scheduleCron: run scheduler with configuration -> {0/5 * * * * ?}...
2022-07-04 16:48:05.000 [DbParamaterScheduler-ThreadPoolTaskSchedule - ##2] INFO  id.co.nds.gadai_2022_06_22.schedulers.DbParamScheduler - executing task......
2022-07-04 16:48:05.001 [DbParamaterScheduler-ThreadPoolTaskSchedule - ##2] INFO  id.co.nds.gadai_2022_06_22.schedulers.DbParamScheduler - task 3
2022-07-04 16:48:05.114 [DbParamaterScheduler-ThreadPoolTaskSchedule - ##2] DEBUG id.co.nds.gadai_2022_06_22.schedulers.DbParamScheduler - Transaksi no: YYMM0000001status: AKTIF
2022-07-04 16:48:05.114 [DbParamaterScheduler-ThreadPoolTaskSchedule - ##2] DEBUG id.co.nds.gadai_2022_06_22.schedulers.DbParamScheduler - Transaksi no: YYMM0000001status: TIDAK AKTIF
2022-07-04 16:48:05.114 [DbParamaterScheduler-ThreadPoolTaskSchedule - ##2] DEBUG id.co.nds.gadai_2022_06_22.schedulers.DbParamScheduler - Transaksi no: YYMM0000001status: TIDAK AKTIF
2022-07-04 16:48:05.115 [DbParamaterScheduler-ThreadPoolTaskSchedule - ##2] DEBUG id.co.nds.gadai_2022_06_22.schedulers.DbParamScheduler - Transaksi no: YYMM0000001status: TIDAK AKTIF
2022-07-04 16:48:05.115 [DbParamaterScheduler-ThreadPoolTaskSchedule - ##2] DEBUG id.co.nds.gadai_2022_06_22.schedulers.DbParamScheduler - Transaksi no: YYMM0000001status: TIDAK AKTIF
2022-07-04 16:48:05.115 [DbParamaterScheduler-ThreadPoolTaskSchedule - ##2] DEBUG id.co.nds.gadai_2022_06_22.schedulers.DbParamScheduler - Transaksi no: YYMM0000001status: TIDAK AKTIF
2022-07-04 16:48:05.115 [DbParamaterScheduler-ThreadPoolTaskSchedule - ##2] DEBUG id.co.nds.gadai_2022_06_22.schedulers.DbParamScheduler - Transaksi no: YYMM0000001status: TIDAK AKTIF
2022-07-04 16:48:05.115 [DbParamaterScheduler-ThreadPoolTaskSchedule - ##2] DEBUG id.co.nds.gadai_2022_06_22.schedulers.DbParamScheduler - Transaksi no: YYMM0000001status: TIDAK AKTIF
2022-07-04 16:48:05.115 [DbParamaterScheduler-ThreadPoolTaskSchedule - ##2] DEBUG id.co.nds.gadai_2022_06_22.schedulers.DbParamScheduler - Transaksi no: YYMM0000001status: TIDAK AKTIF
2022-07-04 16:48:05.115 [DbParamaterScheduler-ThreadPoolTaskSchedule - ##2] DEBUG id.co.nds.gadai_2022_06_22.schedulers.DbParamScheduler - Transaksi no: YYMM0000001status: TIDAK AKTIF
2022-07-04 16:48:05.179 [DbParamaterScheduler-ThreadPoolTaskSchedule - ##2] INFO  id.co.nds.gadai_2022_06_22.schedulers.DbParamScheduler - finish executing task......
2022-07-04 16:48:10.001 [DbParamaterScheduler-ThreadPoolTaskSchedule - ##1] DEBUG id.co.nds.gadai_2022_06_22.schedulers.DbParamScheduler - scheduleCron: run scheduler with configuration -> {0/5 * * * * ?}...
2022-07-04 16:48:10.001 [DbParamaterScheduler-ThreadPoolTaskSchedule - ##1] INFO  id.co.nds.gadai_2022_06_22.schedulers.DbParamScheduler - executing task......
2022-07-04 16:48:10.001 [DbParamaterScheduler-ThreadPoolTaskSchedule - ##1] INFO  id.co.nds.gadai_2022_06_22.schedulers.DbParamScheduler - task 4
2022-07-04 16:48:10.130 [DbParamaterScheduler-ThreadPoolTaskSchedule - ##1] DEBUG id.co.nds.gadai_2022_06_22.schedulers.DbParamScheduler - Transaksi no: YYMM0000001status: AKTIF
2022-07-04 16:48:10.130 [DbParamaterScheduler-ThreadPoolTaskSchedule - ##1] DEBUG id.co.nds.gadai_2022_06_22.schedulers.DbParamScheduler - Transaksi no: YYMM0000001status: TIDAK AKTIF
2022-07-04 16:48:10.130 [DbParamaterScheduler-ThreadPoolTaskSchedule - ##1] DEBUG id.co.nds.gadai_2022_06_22.schedulers.DbParamScheduler - Transaksi no: YYMM0000001status: TIDAK AKTIF
2022-07-04 16:48:10.130 [DbParamaterScheduler-ThreadPoolTaskSchedule - ##1] DEBUG id.co.nds.gadai_2022_06_22.schedulers.DbParamScheduler - Transaksi no: YYMM0000001status: TIDAK AKTIF
2022-07-04 16:48:10.130 [DbParamaterScheduler-ThreadPoolTaskSchedule - ##1] DEBUG id.co.nds.gadai_2022_06_22.schedulers.DbParamScheduler - Transaksi no: YYMM0000001status: TIDAK AKTIF
2022-07-04 16:48:10.130 [DbParamaterScheduler-ThreadPoolTaskSchedule - ##1] DEBUG id.co.nds.gadai_2022_06_22.schedulers.DbParamScheduler - Transaksi no: YYMM0000001status: TIDAK AKTIF
2022-07-04 16:48:10.130 [DbParamaterScheduler-ThreadPoolTaskSchedule - ##1] DEBUG id.co.nds.gadai_2022_06_22.schedulers.DbParamScheduler - Transaksi no: YYMM0000001status: TIDAK AKTIF
2022-07-04 16:48:10.131 [DbParamaterScheduler-ThreadPoolTaskSchedule - ##1] DEBUG id.co.nds.gadai_2022_06_22.schedulers.DbParamScheduler - Transaksi no: YYMM0000001status: TIDAK AKTIF
2022-07-04 16:48:10.131 [DbParamaterScheduler-ThreadPoolTaskSchedule - ##1] DEBUG id.co.nds.gadai_2022_06_22.schedulers.DbParamScheduler - Transaksi no: YYMM0000001status: TIDAK AKTIF
2022-07-04 16:48:10.131 [DbParamaterScheduler-ThreadPoolTaskSchedule - ##1] DEBUG id.co.nds.gadai_2022_06_22.schedulers.DbParamScheduler - Transaksi no: YYMM0000001status: TIDAK AKTIF
2022-07-04 16:48:10.191 [DbParamaterScheduler-ThreadPoolTaskSchedule - ##1] INFO  id.co.nds.gadai_2022_06_22.schedulers.DbParamScheduler - finish executing task......
2022-07-04 16:48:15.000 [DbParamaterScheduler-ThreadPoolTaskSchedule - ##2] DEBUG id.co.nds.gadai_2022_06_22.schedulers.DbParamScheduler - scheduleCron: run scheduler with configuration -> {0/5 * * * * ?}...
2022-07-04 16:48:15.000 [DbParamaterScheduler-ThreadPoolTaskSchedule - ##2] INFO  id.co.nds.gadai_2022_06_22.schedulers.DbParamScheduler - executing task......
2022-07-04 16:48:15.000 [DbParamaterScheduler-ThreadPoolTaskSchedule - ##2] INFO  id.co.nds.gadai_2022_06_22.schedulers.DbParamScheduler - task 5
2022-07-04 16:48:15.100 [DbParamaterScheduler-ThreadPoolTaskSchedule - ##2] DEBUG id.co.nds.gadai_2022_06_22.schedulers.DbParamScheduler - Transaksi no: YYMM0000001status: AKTIF
2022-07-04 16:48:15.100 [DbParamaterScheduler-ThreadPoolTaskSchedule - ##2] DEBUG id.co.nds.gadai_2022_06_22.schedulers.DbParamScheduler - Transaksi no: YYMM0000001status: TIDAK AKTIF
2022-07-04 16:48:15.100 [DbParamaterScheduler-ThreadPoolTaskSchedule - ##2] DEBUG id.co.nds.gadai_2022_06_22.schedulers.DbParamScheduler - Transaksi no: YYMM0000001status: TIDAK AKTIF
2022-07-04 16:48:15.100 [DbParamaterScheduler-ThreadPoolTaskSchedule - ##2] DEBUG id.co.nds.gadai_2022_06_22.schedulers.DbParamScheduler - Transaksi no: YYMM0000001status: TIDAK AKTIF
2022-07-04 16:48:15.101 [DbParamaterScheduler-ThreadPoolTaskSchedule - ##2] DEBUG id.co.nds.gadai_2022_06_22.schedulers.DbParamScheduler - Transaksi no: YYMM0000001status: TIDAK AKTIF
2022-07-04 16:48:15.101 [DbParamaterScheduler-ThreadPoolTaskSchedule - ##2] DEBUG id.co.nds.gadai_2022_06_22.schedulers.DbParamScheduler - Transaksi no: YYMM0000001status: TIDAK AKTIF
2022-07-04 16:48:15.101 [DbParamaterScheduler-ThreadPoolTaskSchedule - ##2] DEBUG id.co.nds.gadai_2022_06_22.schedulers.DbParamScheduler - Transaksi no: YYMM0000001status: TIDAK AKTIF
2022-07-04 16:48:15.101 [DbParamaterScheduler-ThreadPoolTaskSchedule - ##2] DEBUG id.co.nds.gadai_2022_06_22.schedulers.DbParamScheduler - Transaksi no: YYMM0000001status: TIDAK AKTIF
2022-07-04 16:48:15.102 [DbParamaterScheduler-ThreadPoolTaskSchedule - ##2] DEBUG id.co.nds.gadai_2022_06_22.schedulers.DbParamScheduler - Transaksi no: YYMM0000001status: TIDAK AKTIF
2022-07-04 16:48:15.103 [DbParamaterScheduler-ThreadPoolTaskSchedule - ##2] DEBUG id.co.nds.gadai_2022_06_22.schedulers.DbParamScheduler - Transaksi no: YYMM0000001status: TIDAK AKTIF
2022-07-04 16:48:15.144 [DbParamaterScheduler-ThreadPoolTaskSchedule - ##2] INFO  id.co.nds.gadai_2022_06_22.schedulers.DbParamScheduler - finish executing task......
2022-07-04 16:48:20.000 [DbParamaterScheduler-ThreadPoolTaskSchedule - ##1] DEBUG id.co.nds.gadai_2022_06_22.schedulers.DbParamScheduler - scheduleCron: run scheduler with configuration -> {0/5 * * * * ?}...
2022-07-04 16:48:20.000 [DbParamaterScheduler-ThreadPoolTaskSchedule - ##1] INFO  id.co.nds.gadai_2022_06_22.schedulers.DbParamScheduler - executing task......
2022-07-04 16:48:20.000 [DbParamaterScheduler-ThreadPoolTaskSchedule - ##1] INFO  id.co.nds.gadai_2022_06_22.schedulers.DbParamScheduler - task 6
2022-07-04 16:48:20.096 [DbParamaterScheduler-ThreadPoolTaskSchedule - ##1] DEBUG id.co.nds.gadai_2022_06_22.schedulers.DbParamScheduler - Transaksi no: YYMM0000001status: AKTIF
2022-07-04 16:48:20.097 [DbParamaterScheduler-ThreadPoolTaskSchedule - ##1] DEBUG id.co.nds.gadai_2022_06_22.schedulers.DbParamScheduler - Transaksi no: YYMM0000001status: TIDAK AKTIF
2022-07-04 16:48:20.097 [DbParamaterScheduler-ThreadPoolTaskSchedule - ##1] DEBUG id.co.nds.gadai_2022_06_22.schedulers.DbParamScheduler - Transaksi no: YYMM0000001status: TIDAK AKTIF
2022-07-04 16:48:20.097 [DbParamaterScheduler-ThreadPoolTaskSchedule - ##1] DEBUG id.co.nds.gadai_2022_06_22.schedulers.DbParamScheduler - Transaksi no: YYMM0000001status: TIDAK AKTIF
2022-07-04 16:48:20.097 [DbParamaterScheduler-ThreadPoolTaskSchedule - ##1] DEBUG id.co.nds.gadai_2022_06_22.schedulers.DbParamScheduler - Transaksi no: YYMM0000001status: TIDAK AKTIF
2022-07-04 16:48:20.097 [DbParamaterScheduler-ThreadPoolTaskSchedule - ##1] DEBUG id.co.nds.gadai_2022_06_22.schedulers.DbParamScheduler - Transaksi no: YYMM0000001status: TIDAK AKTIF
2022-07-04 16:48:20.097 [DbParamaterScheduler-ThreadPoolTaskSchedule - ##1] DEBUG id.co.nds.gadai_2022_06_22.schedulers.DbParamScheduler - Transaksi no: YYMM0000001status: TIDAK AKTIF
2022-07-04 16:48:20.097 [DbParamaterScheduler-ThreadPoolTaskSchedule - ##1] DEBUG id.co.nds.gadai_2022_06_22.schedulers.DbParamScheduler - Transaksi no: YYMM0000001status: TIDAK AKTIF
2022-07-04 16:48:20.097 [DbParamaterScheduler-ThreadPoolTaskSchedule - ##1] DEBUG id.co.nds.gadai_2022_06_22.schedulers.DbParamScheduler - Transaksi no: YYMM0000001status: TIDAK AKTIF
2022-07-04 16:48:20.097 [DbParamaterScheduler-ThreadPoolTaskSchedule - ##1] DEBUG id.co.nds.gadai_2022_06_22.schedulers.DbParamScheduler - Transaksi no: YYMM0000001status: TIDAK AKTIF
2022-07-04 16:48:20.145 [DbParamaterScheduler-ThreadPoolTaskSchedule - ##1] INFO  id.co.nds.gadai_2022_06_22.schedulers.DbParamScheduler - finish executing task......
2022-07-04 16:48:25.000 [DbParamaterScheduler-ThreadPoolTaskSchedule - ##2] DEBUG id.co.nds.gadai_2022_06_22.schedulers.DbParamScheduler - scheduleCron: run scheduler with configuration -> {0/5 * * * * ?}...
2022-07-04 16:48:25.000 [DbParamaterScheduler-ThreadPoolTaskSchedule - ##2] INFO  id.co.nds.gadai_2022_06_22.schedulers.DbParamScheduler - executing task......
2022-07-04 16:48:25.001 [DbParamaterScheduler-ThreadPoolTaskSchedule - ##2] INFO  id.co.nds.gadai_2022_06_22.schedulers.DbParamScheduler - task 7
2022-07-04 16:48:25.106 [DbParamaterScheduler-ThreadPoolTaskSchedule - ##2] DEBUG id.co.nds.gadai_2022_06_22.schedulers.DbParamScheduler - Transaksi no: YYMM0000001status: AKTIF
2022-07-04 16:48:25.106 [DbParamaterScheduler-ThreadPoolTaskSchedule - ##2] DEBUG id.co.nds.gadai_2022_06_22.schedulers.DbParamScheduler - Transaksi no: YYMM0000001status: TIDAK AKTIF
2022-07-04 16:48:25.106 [DbParamaterScheduler-ThreadPoolTaskSchedule - ##2] DEBUG id.co.nds.gadai_2022_06_22.schedulers.DbParamScheduler - Transaksi no: YYMM0000001status: TIDAK AKTIF
2022-07-04 16:48:25.106 [DbParamaterScheduler-ThreadPoolTaskSchedule - ##2] DEBUG id.co.nds.gadai_2022_06_22.schedulers.DbParamScheduler - Transaksi no: YYMM0000001status: TIDAK AKTIF
2022-07-04 16:48:25.106 [DbParamaterScheduler-ThreadPoolTaskSchedule - ##2] DEBUG id.co.nds.gadai_2022_06_22.schedulers.DbParamScheduler - Transaksi no: YYMM0000001status: TIDAK AKTIF
2022-07-04 16:48:25.106 [DbParamaterScheduler-ThreadPoolTaskSchedule - ##2] DEBUG id.co.nds.gadai_2022_06_22.schedulers.DbParamScheduler - Transaksi no: YYMM0000001status: TIDAK AKTIF
2022-07-04 16:48:25.106 [DbParamaterScheduler-ThreadPoolTaskSchedule - ##2] DEBUG id.co.nds.gadai_2022_06_22.schedulers.DbParamScheduler - Transaksi no: YYMM0000001status: TIDAK AKTIF
2022-07-04 16:48:25.106 [DbParamaterScheduler-ThreadPoolTaskSchedule - ##2] DEBUG id.co.nds.gadai_2022_06_22.schedulers.DbParamScheduler - Transaksi no: YYMM0000001status: TIDAK AKTIF
2022-07-04 16:48:25.106 [DbParamaterScheduler-ThreadPoolTaskSchedule - ##2] DEBUG id.co.nds.gadai_2022_06_22.schedulers.DbParamScheduler - Transaksi no: YYMM0000001status: TIDAK AKTIF
2022-07-04 16:48:25.106 [DbParamaterScheduler-ThreadPoolTaskSchedule - ##2] DEBUG id.co.nds.gadai_2022_06_22.schedulers.DbParamScheduler - Transaksi no: YYMM0000001status: TIDAK AKTIF
2022-07-04 16:48:25.137 [DbParamaterScheduler-ThreadPoolTaskSchedule - ##2] INFO  id.co.nds.gadai_2022_06_22.schedulers.DbParamScheduler - finish executing task......
2022-07-04 16:48:30.000 [DbParamaterScheduler-ThreadPoolTaskSchedule - ##1] DEBUG id.co.nds.gadai_2022_06_22.schedulers.DbParamScheduler - scheduleCron: run scheduler with configuration -> {0/5 * * * * ?}...
2022-07-04 16:48:30.000 [DbParamaterScheduler-ThreadPoolTaskSchedule - ##1] INFO  id.co.nds.gadai_2022_06_22.schedulers.DbParamScheduler - executing task......
2022-07-04 16:48:30.000 [DbParamaterScheduler-ThreadPoolTaskSchedule - ##1] INFO  id.co.nds.gadai_2022_06_22.schedulers.DbParamScheduler - task 8
2022-07-04 16:48:30.068 [DbParamaterScheduler-ThreadPoolTaskSchedule - ##1] DEBUG id.co.nds.gadai_2022_06_22.schedulers.DbParamScheduler - Transaksi no: YYMM0000001status: AKTIF
2022-07-04 16:48:30.068 [DbParamaterScheduler-ThreadPoolTaskSchedule - ##1] DEBUG id.co.nds.gadai_2022_06_22.schedulers.DbParamScheduler - Transaksi no: YYMM0000001status: TIDAK AKTIF
2022-07-04 16:48:30.068 [DbParamaterScheduler-ThreadPoolTaskSchedule - ##1] DEBUG id.co.nds.gadai_2022_06_22.schedulers.DbParamScheduler - Transaksi no: YYMM0000001status: TIDAK AKTIF
2022-07-04 16:48:30.068 [DbParamaterScheduler-ThreadPoolTaskSchedule - ##1] DEBUG id.co.nds.gadai_2022_06_22.schedulers.DbParamScheduler - Transaksi no: YYMM0000001status: TIDAK AKTIF
2022-07-04 16:48:30.068 [DbParamaterScheduler-ThreadPoolTaskSchedule - ##1] DEBUG id.co.nds.gadai_2022_06_22.schedulers.DbParamScheduler - Transaksi no: YYMM0000001status: TIDAK AKTIF
2022-07-04 16:48:30.068 [DbParamaterScheduler-ThreadPoolTaskSchedule - ##1] DEBUG id.co.nds.gadai_2022_06_22.schedulers.DbParamScheduler - Transaksi no: YYMM0000001status: TIDAK AKTIF
2022-07-04 16:48:30.068 [DbParamaterScheduler-ThreadPoolTaskSchedule - ##1] DEBUG id.co.nds.gadai_2022_06_22.schedulers.DbParamScheduler - Transaksi no: YYMM0000001status: TIDAK AKTIF
2022-07-04 16:48:30.068 [DbParamaterScheduler-ThreadPoolTaskSchedule - ##1] DEBUG id.co.nds.gadai_2022_06_22.schedulers.DbParamScheduler - Transaksi no: YYMM0000001status: TIDAK AKTIF
2022-07-04 16:48:30.068 [DbParamaterScheduler-ThreadPoolTaskSchedule - ##1] DEBUG id.co.nds.gadai_2022_06_22.schedulers.DbParamScheduler - Transaksi no: YYMM0000001status: TIDAK AKTIF
2022-07-04 16:48:30.068 [DbParamaterScheduler-ThreadPoolTaskSchedule - ##1] DEBUG id.co.nds.gadai_2022_06_22.schedulers.DbParamScheduler - Transaksi no: YYMM0000001status: TIDAK AKTIF
2022-07-04 16:48:30.089 [DbParamaterScheduler-ThreadPoolTaskSchedule - ##1] INFO  id.co.nds.gadai_2022_06_22.schedulers.DbParamScheduler - finish executing task......
2022-07-04 16:48:35.000 [DbParamaterScheduler-ThreadPoolTaskSchedule - ##2] DEBUG id.co.nds.gadai_2022_06_22.schedulers.DbParamScheduler - scheduleCron: run scheduler with configuration -> {0/5 * * * * ?}...
2022-07-04 16:48:35.000 [DbParamaterScheduler-ThreadPoolTaskSchedule - ##2] INFO  id.co.nds.gadai_2022_06_22.schedulers.DbParamScheduler - executing task......
2022-07-04 16:48:35.000 [DbParamaterScheduler-ThreadPoolTaskSchedule - ##2] INFO  id.co.nds.gadai_2022_06_22.schedulers.DbParamScheduler - task 9
2022-07-04 16:48:35.098 [DbParamaterScheduler-ThreadPoolTaskSchedule - ##2] DEBUG id.co.nds.gadai_2022_06_22.schedulers.DbParamScheduler - Transaksi no: YYMM0000001status: AKTIF
2022-07-04 16:48:35.098 [DbParamaterScheduler-ThreadPoolTaskSchedule - ##2] DEBUG id.co.nds.gadai_2022_06_22.schedulers.DbParamScheduler - Transaksi no: YYMM0000001status: TIDAK AKTIF
2022-07-04 16:48:35.098 [DbParamaterScheduler-ThreadPoolTaskSchedule - ##2] DEBUG id.co.nds.gadai_2022_06_22.schedulers.DbParamScheduler - Transaksi no: YYMM0000001status: TIDAK AKTIF
2022-07-04 16:48:35.098 [DbParamaterScheduler-ThreadPoolTaskSchedule - ##2] DEBUG id.co.nds.gadai_2022_06_22.schedulers.DbParamScheduler - Transaksi no: YYMM0000001status: TIDAK AKTIF
2022-07-04 16:48:35.099 [DbParamaterScheduler-ThreadPoolTaskSchedule - ##2] DEBUG id.co.nds.gadai_2022_06_22.schedulers.DbParamScheduler - Transaksi no: YYMM0000001status: TIDAK AKTIF
2022-07-04 16:48:35.099 [DbParamaterScheduler-ThreadPoolTaskSchedule - ##2] DEBUG id.co.nds.gadai_2022_06_22.schedulers.DbParamScheduler - Transaksi no: YYMM0000001status: TIDAK AKTIF
2022-07-04 16:48:35.099 [DbParamaterScheduler-ThreadPoolTaskSchedule - ##2] DEBUG id.co.nds.gadai_2022_06_22.schedulers.DbParamScheduler - Transaksi no: YYMM0000001status: TIDAK AKTIF
2022-07-04 16:48:35.099 [DbParamaterScheduler-ThreadPoolTaskSchedule - ##2] DEBUG id.co.nds.gadai_2022_06_22.schedulers.DbParamScheduler - Transaksi no: YYMM0000001status: TIDAK AKTIF
2022-07-04 16:48:35.099 [DbParamaterScheduler-ThreadPoolTaskSchedule - ##2] DEBUG id.co.nds.gadai_2022_06_22.schedulers.DbParamScheduler - Transaksi no: YYMM0000001status: TIDAK AKTIF
2022-07-04 16:48:35.099 [DbParamaterScheduler-ThreadPoolTaskSchedule - ##2] DEBUG id.co.nds.gadai_2022_06_22.schedulers.DbParamScheduler - Transaksi no: YYMM0000001status: TIDAK AKTIF
2022-07-04 16:48:35.125 [DbParamaterScheduler-ThreadPoolTaskSchedule - ##2] INFO  id.co.nds.gadai_2022_06_22.schedulers.DbParamScheduler - finish executing task......
2022-07-04 16:48:40.000 [DbParamaterScheduler-ThreadPoolTaskSchedule - ##1] DEBUG id.co.nds.gadai_2022_06_22.schedulers.DbParamScheduler - scheduleCron: run scheduler with configuration -> {0/5 * * * * ?}...
2022-07-04 16:48:40.001 [DbParamaterScheduler-ThreadPoolTaskSchedule - ##1] INFO  id.co.nds.gadai_2022_06_22.schedulers.DbParamScheduler - executing task......
2022-07-04 16:48:40.001 [DbParamaterScheduler-ThreadPoolTaskSchedule - ##1] INFO  id.co.nds.gadai_2022_06_22.schedulers.DbParamScheduler - task 10
2022-07-04 16:48:40.111 [DbParamaterScheduler-ThreadPoolTaskSchedule - ##1] DEBUG id.co.nds.gadai_2022_06_22.schedulers.DbParamScheduler - Transaksi no: YYMM0000001status: AKTIF
2022-07-04 16:48:40.111 [DbParamaterScheduler-ThreadPoolTaskSchedule - ##1] DEBUG id.co.nds.gadai_2022_06_22.schedulers.DbParamScheduler - Transaksi no: YYMM0000001status: TIDAK AKTIF
2022-07-04 16:48:40.111 [DbParamaterScheduler-ThreadPoolTaskSchedule - ##1] DEBUG id.co.nds.gadai_2022_06_22.schedulers.DbParamScheduler - Transaksi no: YYMM0000001status: TIDAK AKTIF
2022-07-04 16:48:40.111 [DbParamaterScheduler-ThreadPoolTaskSchedule - ##1] DEBUG id.co.nds.gadai_2022_06_22.schedulers.DbParamScheduler - Transaksi no: YYMM0000001status: TIDAK AKTIF
2022-07-04 16:48:40.111 [DbParamaterScheduler-ThreadPoolTaskSchedule - ##1] DEBUG id.co.nds.gadai_2022_06_22.schedulers.DbParamScheduler - Transaksi no: YYMM0000001status: TIDAK AKTIF
2022-07-04 16:48:40.111 [DbParamaterScheduler-ThreadPoolTaskSchedule - ##1] DEBUG id.co.nds.gadai_2022_06_22.schedulers.DbParamScheduler - Transaksi no: YYMM0000001status: TIDAK AKTIF
2022-07-04 16:48:40.111 [DbParamaterScheduler-ThreadPoolTaskSchedule - ##1] DEBUG id.co.nds.gadai_2022_06_22.schedulers.DbParamScheduler - Transaksi no: YYMM0000001status: TIDAK AKTIF
2022-07-04 16:48:40.111 [DbParamaterScheduler-ThreadPoolTaskSchedule - ##1] DEBUG id.co.nds.gadai_2022_06_22.schedulers.DbParamScheduler - Transaksi no: YYMM0000001status: TIDAK AKTIF
2022-07-04 16:48:40.111 [DbParamaterScheduler-ThreadPoolTaskSchedule - ##1] DEBUG id.co.nds.gadai_2022_06_22.schedulers.DbParamScheduler - Transaksi no: YYMM0000001status: TIDAK AKTIF
2022-07-04 16:48:40.112 [DbParamaterScheduler-ThreadPoolTaskSchedule - ##1] DEBUG id.co.nds.gadai_2022_06_22.schedulers.DbParamScheduler - Transaksi no: YYMM0000001status: TIDAK AKTIF
2022-07-04 16:48:40.142 [DbParamaterScheduler-ThreadPoolTaskSchedule - ##1] INFO  id.co.nds.gadai_2022_06_22.schedulers.DbParamScheduler - finish executing task......
2022-07-04 16:48:44.730 [SpringApplicationShutdownHook] INFO  id.co.nds.gadai_2022_06_22.schedulers.DbParamScheduler - ###ShuttingDown Scheduler..
