2022-07-04 16:50:05.001 [DbParamaterScheduler-ThreadPoolTaskSchedule - ##1] DEBUG id.co.nds.gadai_2022_06_22.schedulers.DbParamScheduler - scheduleCron: run scheduler with configuration -> {0/5 * * * * ?}...
2022-07-04 16:50:05.002 [DbParamaterScheduler-ThreadPoolTaskSchedule - ##1] INFO  id.co.nds.gadai_2022_06_22.schedulers.DbParamScheduler - executing task......
2022-07-04 16:50:05.002 [DbParamaterScheduler-ThreadPoolTaskSchedule - ##1] INFO  id.co.nds.gadai_2022_06_22.schedulers.DbParamScheduler - task 1
2022-07-04 16:50:05.900 [DbParamaterScheduler-ThreadPoolTaskSchedule - ##1] INFO  id.co.nds.gadai_2022_06_22.schedulers.DbParamScheduler - finish executing task......
2022-07-04 16:50:10.000 [DbParamaterScheduler-ThreadPoolTaskSchedule - ##1] DEBUG id.co.nds.gadai_2022_06_22.schedulers.DbParamScheduler - scheduleCron: run scheduler with configuration -> {0/5 * * * * ?}...
2022-07-04 16:50:10.001 [DbParamaterScheduler-ThreadPoolTaskSchedule - ##1] INFO  id.co.nds.gadai_2022_06_22.schedulers.DbParamScheduler - executing task......
2022-07-04 16:50:10.001 [DbParamaterScheduler-ThreadPoolTaskSchedule - ##1] INFO  id.co.nds.gadai_2022_06_22.schedulers.DbParamScheduler - task 2
2022-07-04 16:50:10.168 [DbParamaterScheduler-ThreadPoolTaskSchedule - ##1] INFO  id.co.nds.gadai_2022_06_22.schedulers.DbParamScheduler - finish executing task......
2022-07-04 16:50:15.000 [DbParamaterScheduler-ThreadPoolTaskSchedule - ##2] DEBUG id.co.nds.gadai_2022_06_22.schedulers.DbParamScheduler - scheduleCron: run scheduler with configuration -> {0/5 * * * * ?}...
2022-07-04 16:50:15.001 [DbParamaterScheduler-ThreadPoolTaskSchedule - ##2] INFO  id.co.nds.gadai_2022_06_22.schedulers.DbParamScheduler - executing task......
2022-07-04 16:50:15.001 [DbParamaterScheduler-ThreadPoolTaskSchedule - ##2] INFO  id.co.nds.gadai_2022_06_22.schedulers.DbParamScheduler - task 3
2022-07-04 16:50:15.189 [DbParamaterScheduler-ThreadPoolTaskSchedule - ##2] INFO  id.co.nds.gadai_2022_06_22.schedulers.DbParamScheduler - finish executing task......
2022-07-04 16:50:20.000 [DbParamaterScheduler-ThreadPoolTaskSchedule - ##2] DEBUG id.co.nds.gadai_2022_06_22.schedulers.DbParamScheduler - scheduleCron: run scheduler with configuration -> {0/5 * * * * ?}...
2022-07-04 16:50:20.001 [DbParamaterScheduler-ThreadPoolTaskSchedule - ##2] INFO  id.co.nds.gadai_2022_06_22.schedulers.DbParamScheduler - executing task......
2022-07-04 16:50:20.001 [DbParamaterScheduler-ThreadPoolTaskSchedule - ##2] INFO  id.co.nds.gadai_2022_06_22.schedulers.DbParamScheduler - task 4
2022-07-04 16:50:20.161 [DbParamaterScheduler-ThreadPoolTaskSchedule - ##2] INFO  id.co.nds.gadai_2022_06_22.schedulers.DbParamScheduler - finish executing task......
2022-07-04 16:50:25.000 [DbParamaterScheduler-ThreadPoolTaskSchedule - ##1] DEBUG id.co.nds.gadai_2022_06_22.schedulers.DbParamScheduler - scheduleCron: run scheduler with configuration -> {0/5 * * * * ?}...
2022-07-04 16:50:25.000 [DbParamaterScheduler-ThreadPoolTaskSchedule - ##1] INFO  id.co.nds.gadai_2022_06_22.schedulers.DbParamScheduler - executing task......
2022-07-04 16:50:25.000 [DbParamaterScheduler-ThreadPoolTaskSchedule - ##1] INFO  id.co.nds.gadai_2022_06_22.schedulers.DbParamScheduler - task 5
2022-07-04 16:50:25.186 [DbParamaterScheduler-ThreadPoolTaskSchedule - ##1] INFO  id.co.nds.gadai_2022_06_22.schedulers.DbParamScheduler - finish executing task......
2022-07-04 16:50:30.001 [DbParamaterScheduler-ThreadPoolTaskSchedule - ##2] DEBUG id.co.nds.gadai_2022_06_22.schedulers.DbParamScheduler - scheduleCron: run scheduler with configuration -> {0/5 * * * * ?}...
2022-07-04 16:50:30.001 [DbParamaterScheduler-ThreadPoolTaskSchedule - ##2] INFO  id.co.nds.gadai_2022_06_22.schedulers.DbParamScheduler - executing task......
2022-07-04 16:50:30.001 [DbParamaterScheduler-ThreadPoolTaskSchedule - ##2] INFO  id.co.nds.gadai_2022_06_22.schedulers.DbParamScheduler - task 6
2022-07-04 16:50:30.102 [DbParamaterScheduler-ThreadPoolTaskSchedule - ##2] INFO  id.co.nds.gadai_2022_06_22.schedulers.DbParamScheduler - finish executing task......
2022-07-04 16:50:35.002 [DbParamaterScheduler-ThreadPoolTaskSchedule - ##1] DEBUG id.co.nds.gadai_2022_06_22.schedulers.DbParamScheduler - scheduleCron: run scheduler with configuration -> {0/5 * * * * ?}...
2022-07-04 16:50:35.002 [DbParamaterScheduler-ThreadPoolTaskSchedule - ##1] INFO  id.co.nds.gadai_2022_06_22.schedulers.DbParamScheduler - executing task......
2022-07-04 16:50:35.002 [DbParamaterScheduler-ThreadPoolTaskSchedule - ##1] INFO  id.co.nds.gadai_2022_06_22.schedulers.DbParamScheduler - task 7
2022-07-04 16:50:35.146 [DbParamaterScheduler-ThreadPoolTaskSchedule - ##1] INFO  id.co.nds.gadai_2022_06_22.schedulers.DbParamScheduler - finish executing task......
2022-07-04 16:50:38.236 [SpringApplicationShutdownHook] INFO  id.co.nds.gadai_2022_06_22.schedulers.DbParamScheduler - ###ShuttingDown Scheduler..
